1556859975243	mozrunner::runner	INFO	Running command: "C:\\Program Files\\Mozilla Firefox\\firefox.exe" "-marionette" "-foreground" "-no-remote" "-profile" "C:\\Users\\langzi\\AppData\\Local\\Temp\\rust_mozprofile.exfa95n5Bx2S"
1556859975518	addons.webextension.screenshots@mozilla.org	WARN	Loading extension 'screenshots@mozilla.org': Reading manifest: Invalid extension permission: mozillaAddons
1556859975518	addons.webextension.screenshots@mozilla.org	WARN	Loading extension 'screenshots@mozilla.org': Reading manifest: Invalid extension permission: resource://pdf.js/
1556859975518	addons.webextension.screenshots@mozilla.org	WARN	Loading extension 'screenshots@mozilla.org': Reading manifest: Invalid extension permission: about:reader*
1556859976377	Marionette	INFO	Listening on port 64635
1556859976859	Marionette	WARN	TLS certificate errors will be ignored for this session
1556859996910	Marionette	INFO	Stopped listening on port 64635
[Parent 5572, Gecko_IOThread] WARNING: pipe error: 109: file z:/build/build/src/ipc/chromium/src/chrome/common/ipc_channel_win.cc, line 332
[Child 10616, Chrome_ChildThread] WARNING: pipe error: 109: file z:/build/build/src/ipc/chromium/src/chrome/common/ipc_channel_win.cc, line 332
[Child 996, Chrom[eC_hChildThread] WARNING: pipe error: 109: file z:/build/build/src/ipc/chromium/src/chrome/common/ipc_channel_win.cc, line 332
[Child 996, Chrom[Parent 5572, Gecko_IOThread] WARNING: pipe error: 109: file z:/build/build/src/ipc/chromium/src/chrome/common/ipc_channel_win.cc, line 332
[Child 20500, Chrome_ChildThread] WARNING: pipe error: 109: file z:/build/build/src/ipc/chromium/src/chrome/common/ipc_channel_win.cc, line 332
[Child 20500, Chrome_ChildThr
###!!! [Child][MessageChannel::SendAndWait] Error: Channel error: cannot send/recv

1556860028238	mozrunner::runner	INFO	Running command: "C:\\Program Files\\Mozilla Firefox\\firefox.exe" "-marionette" "-foreground" "-no-remote" "-profile" "C:\\Users\\langzi\\AppData\\Local\\Temp\\rust_mozprofile.Blfp8J3CyvpU"
1556860028510	addons.webextension.screenshots@mozilla.org	WARN	Loading extension 'screenshots@mozilla.org': Reading manifest: Invalid extension permission: mozillaAddons
1556860028510	addons.webextension.screenshots@mozilla.org	WARN	Loading extension 'screenshots@mozilla.org': Reading manifest: Invalid extension permission: resource://pdf.js/
1556860028510	addons.webextension.screenshots@mozilla.org	WARN	Loading extension 'screenshots@mozilla.org': Reading manifest: Invalid extension permission: about:reader*
1556860029346	Marionette	INFO	Listening on port 64674
1556860029358	Marionette	WARN	TLS certificate errors will be ignored for this session
1556860049432	Marionette	INFO	Stopped listening on port 64674
[Parent 17456, Gecko_IOThread] WARNING: pipe error: 109: file z:/build/build/src/ipc/chromium/src/chrome/common/ipc_channel_win.cc, line 332
[Parent 17456, Gecko_IOThread] WARNING: pipe error: 109: file z:/build/build/src/ipc/chromium/src/chrome/common/ipc_channel_win.cc, line 332
[Child 13552, Chrome_ChildThread] WARNING: pipe error: 109: file z:/build/build/src/ipc/chromium/src/chrome/common/ipc_channel_win.cc, line 332
[Chil[Child 13552, Cd 7772, Chrome_ChildThread] WARNING: pipe error: 109: file z:/build/build/src/ipc/chromium/src/chrome/common/ipc_channel_win.cc, line 332
[Child 7772, Chrome_ChildThread] WARNING: p[Parent 17456, Gecko_IOThread] WARNING: pipe error: 109: file z:/build/build/src/ipc/chromium/src/chrome/common/ipc_channel_win.cc, line 332
[Child 4888, Chrome_ChildThread] WARNING: pipe error: 109: file z:/build/build/src/ipc/chromium/src/chrome/common/ipc_channel_win.cc, line 332
[Child 4888, Chrome_Ch[GPU 3804, Chrome_
###!!! [Child][RunMessage] Error: Channel closing: too late to send/recv, messages will be lost


###!!! [Child][MessageChannel::SendAndWait] Error: Channel error: cannot send/recv

1556860164311	mozrunner::runner	INFO	Running command: "C:\\Program Files\\Mozilla Firefox\\firefox.exe" "-marionette" "-foreground" "-no-remote" "-profile" "C:\\Users\\langzi\\AppData\\Local\\Temp\\rust_mozprofile.5RVRQNKh19sr"
1556860164589	addons.webextension.screenshots@mozilla.org	WARN	Loading extension 'screenshots@mozilla.org': Reading manifest: Invalid extension permission: mozillaAddons
1556860164589	addons.webextension.screenshots@mozilla.org	WARN	Loading extension 'screenshots@mozilla.org': Reading manifest: Invalid extension permission: resource://pdf.js/
1556860164589	addons.webextension.screenshots@mozilla.org	WARN	Loading extension 'screenshots@mozilla.org': Reading manifest: Invalid extension permission: about:reader*
1556860165427	Marionette	INFO	Listening on port 64727
1556860165434	Marionette	WARN	TLS certificate errors will be ignored for this session
1556860185510	Marionette	INFO	Stopped listening on port 64727
[Parent 15216, Gecko_IOThread] WARNING: pipe error: 109: file z:/build/build/src/ipc/chromium/src/chrome/common/ipc_channel_win.cc, line 332
[Parent 15216, Gecko_IOThread] WARNING: pipe error: 109: file z:/build/build/src/ipc/chromium/src/chrome/common/ipc_channel_win.cc, line 332
[Child 9136, Chrome_ChildThread] WARNING: pipe error: 109: file z:/build/build/src/ipc/chromium/src/chrome/common/ipc_channel_win.cc, line 332
[Child 91[36, Child 19404, Chrome_ChildThread] WARNING: pipe error: 109: file z:/build/build/src/ipc/chromium/src/chrome/common/ipc_channel_win.cc, line 332
[Child 19404, Chro[Parent 15216, Gecko_IOThread] WARNING: pipe error: 109: file z:/build/build/src/ipc/chromium/src/chrome/common/ipc_channel_win.cc, line 332
[Child 16932, Chrome_ChildThread] WARNING: pipe error: 109: file z:/build/build/src/ipc/chromium/src/chrome/common/ipc_channel_win.cc, line 332
[Child 16932, Chrome_C[
###!!! [Child][MessageChannel::SendAndWait] Error: Channel error: cannot send/recv

1556860236684	mozrunner::runner	INFO	Running command: "C:\\Program Files\\Mozilla Firefox\\firefox.exe" "-marionette" "-foreground" "-no-remote" "-profile" "C:\\Users\\langzi\\AppData\\Local\\Temp\\rust_mozprofile.Bmj3jHQ7mhPD"
1556860236955	addons.webextension.screenshots@mozilla.org	WARN	Loading extension 'screenshots@mozilla.org': Reading manifest: Invalid extension permission: mozillaAddons
1556860236955	addons.webextension.screenshots@mozilla.org	WARN	Loading extension 'screenshots@mozilla.org': Reading manifest: Invalid extension permission: resource://pdf.js/
1556860236956	addons.webextension.screenshots@mozilla.org	WARN	Loading extension 'screenshots@mozilla.org': Reading manifest: Invalid extension permission: about:reader*
1556860237816	Marionette	INFO	Listening on port 64774
1556860238303	Marionette	WARN	TLS certificate errors will be ignored for this session
1556860258345	Marionette	INFO	Stopped listening on port 64774
[Parent 20648, Gecko_IOThread] WARNING: pipe error: 109: file z:/build/build/src/ipc/chromium/src/chrome/common/ipc_channel_win.cc, line 332
[Parent 20648, Gecko_IOThread] WARNING: pipe error: 109: file z:/build/build/src/ipc/chromium/src/chrome/common/ipc_channel_win.cc, line 332
[Child 14932, Chrome_ChildThread] WARNING: pipe error: 109: file z:/build/build/src/ipc/chromium/src/chrome/common/ipc_channel_win.cc, line 332
[Child 123[Ch6ild4, Chrome_ChildThread] WARNING: pipe error: 109: file z:/build/build/src/ipc/chromium/src/chrome/common/ipc_channel_win.cc, line 332
[Child 12364, Chrome_ChildThrea[Parent 20648, Gecko_IOThread] WARNING: pipe error: 109: file z:/build/build/src/ipc/chromium/src/chrome/common/ipc_channel_win.cc, line 332
[Child 11308, Chrome_ChildThread] WARNING: pipe error: 109: file z:/build/build/src/ipc/chromium/src/chrome/common/ipc_channel_win.cc, line 332
[Child 11308, Chrome_ChildThread] WAR[GPU 3200, Chrome_ChildThre
###!!! [Child][MessageChannel::SendAndWait] Error: Channel error: cannot send/recv

1556860296034	mozrunner::runner	INFO	Running command: "C:\\Program Files\\Mozilla Firefox\\firefox.exe" "-marionette" "-foreground" "-no-remote" "-profile" "C:\\Users\\langzi\\AppData\\Local\\Temp\\rust_mozprofile.3xqT2uxZtLTQ"
1556860296309	addons.webextension.screenshots@mozilla.org	WARN	Loading extension 'screenshots@mozilla.org': Reading manifest: Invalid extension permission: mozillaAddons
1556860296309	addons.webextension.screenshots@mozilla.org	WARN	Loading extension 'screenshots@mozilla.org': Reading manifest: Invalid extension permission: resource://pdf.js/
1556860296309	addons.webextension.screenshots@mozilla.org	WARN	Loading extension 'screenshots@mozilla.org': Reading manifest: Invalid extension permission: about:reader*
1556860297152	Marionette	INFO	Listening on port 64831
1556860297156	Marionette	WARN	TLS certificate errors will be ignored for this session
1556860317237	Marionette	INFO	Stopped listening on port 64831
[Parent 5328, Gecko_IOThread] WARNING: pipe error: 109: file z:/build/build/src/ipc/chromium/src/chrome/common/ipc_channel_win.cc, line 332
[Parent 5328, Gecko_IOThread] WARNING: pipe error: 109: file z:/build/build/src/ipc/chromium/src/chrome/common/ipc_channel_win.cc, line 332
[Child 20176, Chrome_ChildThread] WARNING: pipe error: 109: file z:/build/build/src/ipc/chromium/src/chrome/common/ipc_channel_win.cc, line 332
[Child 20176, Chrom[Child 19488, Chrome_ChildThread] WARNING: pipe error: 109: file z:/build/build/src/ipc/chromium/src/chrome/common/ipc_channel_win.cc, line 332
[Child 19488, Chrome_Chil[Parent 5328, Gecko_IOThread] WARNING: pipe error: 109: file z:/build/build/src/ipc/chromium/src/chrome/common/ipc_channel_win.cc, line 332
[Child 13736, Chrome_ChildThread] WARNING: pipe error: 109: file z:/build/build/src/ipc/chromium/src/chrome/common/ipc_channel_win.cc, line 332
[Child 13736, Chrome_ChildThread] WARNIN[GPU 1656, Ch
###!!! [Child][RunMessage] Error: Channel closing: too late to send/recv, messages will be lost

r
###!!! [Child][MessageChannel::SendAndWait] Error: Channel error: cannot send/recv

1556860354005	mozrunner::runner	INFO	Running command: "C:\\Program Files\\Mozilla Firefox\\firefox.exe" "-marionette" "-foreground" "-no-remote" "-profile" "C:\\Users\\langzi\\AppData\\Local\\Temp\\rust_mozprofile.v69snlKYA40T"
1556860354280	addons.webextension.screenshots@mozilla.org	WARN	Loading extension 'screenshots@mozilla.org': Reading manifest: Invalid extension permission: mozillaAddons
1556860354280	addons.webextension.screenshots@mozilla.org	WARN	Loading extension 'screenshots@mozilla.org': Reading manifest: Invalid extension permission: resource://pdf.js/
1556860354280	addons.webextension.screenshots@mozilla.org	WARN	Loading extension 'screenshots@mozilla.org': Reading manifest: Invalid extension permission: about:reader*
1556860355118	Marionette	INFO	Listening on port 64872
1556860355130	Marionette	WARN	TLS certificate errors will be ignored for this session
[Parent 17960, Gecko_IOThread] WARNING: pipe error: 109: file z:/build/build/src/ipc/chromium/src/chrome/common/ipc_channel_win.cc, line 332
[Parent 17960, Gecko_IOThread] WARNING: pipe error: 109: file z:/build/build/src/ipc/chromium/src/chrome/common/ipc_channel_win.cc, line 332
[Child 19324, Chrome_ChildThread] WARNING: pipe error: 109: file z:/build/build/src/ipc/chromium/src/chrome/commo[Childn/ipc_cha 8156, Chrome_nnel_win.cc, line 332
ChildThrea[Child 1d9] WARNING: pipe error: 109: file z:/build/build/src/ipc/chromium/src/chrome/common/ipc_channel_win.cc, line 332
[Child 8156, Chro[Parent 17960, Gecko_IOThread] WARNING: pipe error: 109: file z:/build/build/src/ipc/chromium/src/chrome/common/ipc_channel_win.cc, line 332
[Child 14328, Chrome_ChildThread] WARNING: pipe error: 109: file z:/build/build/src/ipc/chromium/src/chrome/common/ipc_channel_win.cc, line 332
[Child 14328, Chrome_ChildThread] WARN1556860356911	Marionette	INFO	Stopped listening on port 64872
[GPU 10020, Chrome
###!!! [Child][RunMessage] Error: Channel closing: too late to send/recv, messages will be lost


###!!! [Child][MessageChannel::SendAndWait] Error: Channel error: cannot send/recv

1556860481998	mozrunner::runner	INFO	Running command: "C:\\Program Files\\Mozilla Firefox\\firefox.exe" "-marionette" "-foreground" "-no-remote" "-profile" "C:\\Users\\langzi\\AppData\\Local\\Temp\\rust_mozprofile.hbsB9R1JuPtP"
1556860482278	addons.webextension.screenshots@mozilla.org	WARN	Loading extension 'screenshots@mozilla.org': Reading manifest: Invalid extension permission: mozillaAddons
1556860482278	addons.webextension.screenshots@mozilla.org	WARN	Loading extension 'screenshots@mozilla.org': Reading manifest: Invalid extension permission: resource://pdf.js/
1556860482278	addons.webextension.screenshots@mozilla.org	WARN	Loading extension 'screenshots@mozilla.org': Reading manifest: Invalid extension permission: about:reader*
1556860483097	Marionette	INFO	Listening on port 64924
1556860483116	Marionette	WARN	TLS certificate errors will be ignored for this session
1556860503188	Marionette	INFO	Stopped listening on port 64924
[Parent 10896, Gecko_IOThread] WARNING: pipe error: 109: file z:/build/build/src/ipc/chromium/src/chrome/common/ipc_channel_win.cc, line 332
[Parent 10896, Gecko_IOThread] WARNING: pipe error: 109: file z:/build/build/src/ipc/chromium/src/chrome/common/ipc_channel_win.cc, line 332
[Child 13716, Chrome_ChildThread] WARNING: pipe error: 109: file z:/build/build/src/ipc/chromium/src/chrome/common/ipc_channe[Child 19864, Chrome_ChildThread] WARNING: pipe error: 109: file z:/bul_win.cild/build/src/ipc/chromium/src/chrome/common/ipc_channel_win.cc, line 3c, line 332
32
[Child 137[Child 1916, C[Parent 10896, Gecko_IOThread] WARNING: pipe error: 109: file z:/build/build/src/ipc/chromium/src/chrome/common/ipc_channel_win.cc, line 332
[Child 11952, Chrome_ChildThread] WARNING: pipe error: 109: file z:/build/build/src/ipc/chromium/src/chrome/common/ipc_channel_win.cc, line 332
[Child 11952, Chrome_ChildThread] WARN
###!!! [Child][MessageChannel::SendAndWait] Error: Channel error: cannot send/recv

1556860672792	mozrunner::runner	INFO	Running command: "C:\\Program Files\\Mozilla Firefox\\firefox.exe" "-marionette" "-foreground" "-no-remote" "-profile" "C:\\Users\\langzi\\AppData\\Local\\Temp\\rust_mozprofile.5RFSTIqDQEQ9"
1556860673065	addons.webextension.screenshots@mozilla.org	WARN	Loading extension 'screenshots@mozilla.org': Reading manifest: Invalid extension permission: mozillaAddons
1556860673065	addons.webextension.screenshots@mozilla.org	WARN	Loading extension 'screenshots@mozilla.org': Reading manifest: Invalid extension permission: resource://pdf.js/
1556860673065	addons.webextension.screenshots@mozilla.org	WARN	Loading extension 'screenshots@mozilla.org': Reading manifest: Invalid extension permission: about:reader*
1556860673926	Marionette	INFO	Listening on port 64993
1556860674425	Marionette	WARN	TLS certificate errors will be ignored for this session
1556860694477	Marionette	INFO	Stopped listening on port 64993
[Parent 15728, Gecko_IOThread] WARNING: pipe error: 109: file z:/build/build/src/ipc/chromium/src/chrome/common/ipc_channel_win.cc, line 332
[Parent 15728, Gecko_IOThread] WARNING: pipe error: 109: file z:/build/build/src/ipc/chromium/src/chrome/common/ipc_channel_win.cc, line 332
[Child 12816, Chrome_ChildThread] WARNING: pipe error: 109: file z:/build/build/src/ipc/chromium/src/chrome/common/ipc_channel_win.cc, line 332
[Child 12816[Child 4748, Chrome_ChildThread] WARNING: pipe error: 109: file z:/build/build/src/ipc/chromium/src/chrome/common/ipc_channel_win.cc, line 332
[Child 4748, Chr[Child 5968, Chrome_ChildThread] WARNING: pipe error: 109: file z:/build/build/src/ipc/chromium/src/chrome/common/ipc_channel_win.cc, line 332
[Child 5968, Chrome_ChildThread] WARNING:[GPU 9140
###!!! [Child][RunMessage] Error: Channel closing: too late to send/recv, messages will be lost


###!!! [Child][MessageChannel::SendAndWait] Error: Channel error: cannot send/recv

1556860733097	mozrunner::runner	INFO	Running command: "C:\\Program Files\\Mozilla Firefox\\firefox.exe" "-marionette" "-foreground" "-no-remote" "-profile" "C:\\Users\\langzi\\AppData\\Local\\Temp\\rust_mozprofile.AcDhum4BMA3D"
1556860733366	addons.webextension.screenshots@mozilla.org	WARN	Loading extension 'screenshots@mozilla.org': Reading manifest: Invalid extension permission: mozillaAddons
1556860733366	addons.webextension.screenshots@mozilla.org	WARN	Loading extension 'screenshots@mozilla.org': Reading manifest: Invalid extension permission: resource://pdf.js/
1556860733366	addons.webextension.screenshots@mozilla.org	WARN	Loading extension 'screenshots@mozilla.org': Reading manifest: Invalid extension permission: about:reader*
1556860734197	Marionette	INFO	Listening on port 65042
1556860734217	Marionette	WARN	TLS certificate errors will be ignored for this session
1556860754330	Marionette	INFO	Stopped listening on port 65042
[Parent 14536, Gecko_IOThread] WARNING: pipe error: 109: file z:/build/build/src/ipc/chromium/src/chrome/common/ipc_channel_win.cc, line 332
[Parent 14536, Gecko_IOThread] WARNING: pipe error: 109: file z:/build/build/src/ipc/chromium/src/chrome/common/ipc_channel_win.cc, line 332
[Child 19628, Chrome_ChildThread] WARNING: pipe error: 109: file z:/build/build/src/ipc/chromium/src/chrome/common/ipc_channel_win.cc, line 332
[Child 19628, Chrome_ChildThre[Child 6180, Chrome_ChildThread] WARNING: pipe error: 109: file z:/build/build/src/ipc/chromium/src/chrome/common/ipc_channel_win.cc, line 332
[Child 6180, Chrome_ChildThread[Parent 14536, Gecko_IOThread] WARNING: pipe error: 109: file z:/build/build/src/ipc/chromium/src/chrome/common/ipc_channel_win.cc, line 332
[Child 3000, Chrome_ChildThread] WARNING: pipe error: 109: file z:/build/build/src/ipc/chromium/src/chrome/common/ipc_channel_win.cc, line 332
[Child 3000, Chrome_ChildThread] WARNIN[GPU 9724, Chrome_ChildThre
###!!! [Child][RunMessage] Error: Channel closing: too late to send/recv, messages will be lost


###!!! [Child][MessageChannel::SendAndWait] Error: Channel error: cannot send/recv

1556860763230	mozrunner::runner	INFO	Running command: "C:\\Program Files\\Mozilla Firefox\\firefox.exe" "-marionette" "-foreground" "-no-remote" "-profile" "C:\\Users\\langzi\\AppData\\Local\\Temp\\rust_mozprofile.WUlZpJPJ1IzC"
1556860763495	addons.webextension.screenshots@mozilla.org	WARN	Loading extension 'screenshots@mozilla.org': Reading manifest: Invalid extension permission: mozillaAddons
1556860763496	addons.webextension.screenshots@mozilla.org	WARN	Loading extension 'screenshots@mozilla.org': Reading manifest: Invalid extension permission: resource://pdf.js/
1556860763496	addons.webextension.screenshots@mozilla.org	WARN	Loading extension 'screenshots@mozilla.org': Reading manifest: Invalid extension permission: about:reader*
1556860764311	Marionette	INFO	Listening on port 65080
1556860764351	Marionette	WARN	TLS certificate errors will be ignored for this session
1556860784504	Marionette	INFO	Stopped listening on port 65080
[Parent 17716, Gecko_IOThread] WARNING: pipe error: 109: file z:/build/build/src/ipc/chromium/src/chrome/common/ipc_channel_win.cc, line 332
[Child 11664, Chrome_ChildThread] WARNING: pipe error: 109: file z:/build/build/src/ipc/chromium/src/chrome/c[Child 5888, Chrome_Chiommon/ipc_ldThreadchannel_win.c] WAc, lineRNIN 332
G: pipe error: 1[Chi0l9: file z:/build/build/src/ipc/chromium/src/chrome/common/ipc_channel_win.cc, line 332
[Child 5888, Chrome_[Parent 17716, Gecko_IOThread] WARNING: pipe error: 109: file z:/build/build/src/ipc/chromium/src/chrome/common/ipc_channel_win.cc, line 332
[Child 10800, Chrome_ChildThread] WARNING: pipe error: 109: file z:/build/build/src/ipc/chromium/src/chrome/common/ipc_channel_win.cc, line 332
[Child 10800, Chrome_ChildThr[GPU 3116, Chrome
###!!! [Child][RunMessage] Error: Channel closing: too late to send/recv, messages will be lost


###!!! [Child][MessageChannel::SendAndWait] Error: Channel error: cannot send/recv

1556860793403	mozrunner::runner	INFO	Running command: "C:\\Program Files\\Mozilla Firefox\\firefox.exe" "-marionette" "-foreground" "-no-remote" "-profile" "C:\\Users\\langzi\\AppData\\Local\\Temp\\rust_mozprofile.SiUk4qqakqqx"
1556860793675	addons.webextension.screenshots@mozilla.org	WARN	Loading extension 'screenshots@mozilla.org': Reading manifest: Invalid extension permission: mozillaAddons
1556860793676	addons.webextension.screenshots@mozilla.org	WARN	Loading extension 'screenshots@mozilla.org': Reading manifest: Invalid extension permission: resource://pdf.js/
1556860793676	addons.webextension.screenshots@mozilla.org	WARN	Loading extension 'screenshots@mozilla.org': Reading manifest: Invalid extension permission: about:reader*
1556860794537	Marionette	INFO	Listening on port 65132
1556860795032	Marionette	WARN	TLS certificate errors will be ignored for this session
[Child 13160, Chrome_ChildThread] WARNING: pipe error: 109: file z:/build/build/src/ipc/chromium/src/chrome/common/ipc_channel_win.cc, line 332
[Child 13160, Chrome[Child 8948, Chrome_ChildThread] WARNING: pipe error: 109: file z:/build/build/src/ipc/chromium/src/chrome/common/ipc_channel_win.cc, line 332
[Child 8948, Chrome_Ch[Parent 8344, Gecko_IOThread] WARNING: pipe error: 109: file z:/build/build/src/ipc/chromium/src/chrome/common/ipc_channel_win.cc, line 332
[Child 15984, Chrome_ChildThread] WARNING: pipe error: 109: file z:/build/build/src/ipc/chromium/src/chrome/common/ipc_channel_win.cc, line 332
[Child 15984, Chrome_ChildThread] WARNI1556860796962	Marionette	INFO	Stopped listening on port 65132
[GPU 1305
###!!! [Child][RunMessage] Error: Channel closing: too late to send/recv, messages will be lost

21558686091712	mozrunner::runner	INFO	Running command: "C:\\Program Files\\Mozilla Firefox\\firefox.exe" "-marionette" "-foreground" "-no-remote" "-profile" "C:\\Users\\langzi\\AppData\\Local\\Temp\\rust_mozprofile.WfaFVB6aEbmw"
1558686092078	addons.webextension.screenshots@mozilla.org	WARN	Loading extension 'screenshots@mozilla.org': Reading manifest: Invalid extension permission: mozillaAddons
1558686092078	addons.webextension.screenshots@mozilla.org	WARN	Loading extension 'screenshots@mozilla.org': Reading manifest: Invalid extension permission: resource://pdf.js/
1558686092078	addons.webextension.screenshots@mozilla.org	WARN	Loading extension 'screenshots@mozilla.org': Reading manifest: Invalid extension permission: about:reader*
1558686093255	Marionette	INFO	Listening on port 14492
1558686093335	Marionette	WARN	TLS certificate errors will be ignored for this session
console.error: BroadcastService: 
  receivedBroadcastMessage: handler for
  remote-settings/monitor_changes
  threw error:
  Message: Error: Polling for changes failed: http://%(server)s/dummy/blocklist//buckets/monitor/collections/changes/records?_expected=%221558646720191%22 is not a valid URL..
  Stack:
    remoteSettingsFunction/remoteSettings.pollChanges@resource://services-settings/remote-settings.js:203:13

1558686113422	Marionette	INFO	Stopped listening on port 14492
[Parent 1216, Gecko_IOThread] WARNING: pipe error: 109: file z:/task_1558035249/build/src/ipc/chromium/src/chrome/common/ipc_channel_win.cc, line 341
[Parent 1216, Gecko_IOThread] WARNING: pipe error: 109: file z:/task_1558035249/build/src/ipc/chromium/src/chrome/common/ipc_channel_win.cc, line 341
[Child 20048, Chrome_ChildThread] WARNING: pipe error: 109: file z:/task_155803524[Child 18500, Chrome_ChildThrea9/build/src/ipc/chromium/src/chrome/common/ipc_channed] WARNING: pipe error: 109: file z:/task_1558035249/build/src/ipc/chl_win.cc, line 341
romium/src/chrome/common/ipc_channel_win.cc, line 341
[Child 18500, [Parent 1216, Gecko_IOThread] WARNING: pipe error: 109: file z:/task_1558035249/build/src/ipc/chromium/src/chrome/common/ipc_channel_win.cc, line 341
[Child 16544, Chrome_ChildThread] WARNING: pipe error: 109: file z:/task_1558035249/build/src/ipc/chromium/src/chrome/common/ipc_channel_win.cc, line 341
[Child 16544, Chrome_ChildT[GPU 16500, Chrome_Chi
###!!! [Child][RunMessage] Error: Channel closing: too late to send/recv, messages will be lost


###!!! [Child][MessageChannel::SendAndWait] Error: Channel error: cannot send/recv

1558686123118	mozrunner::runner	INFO	Running command: "C:\\Program Files\\Mozilla Firefox\\firefox.exe" "-marionette" "-foreground" "-no-remote" "-profile" "C:\\Users\\langzi\\AppData\\Local\\Temp\\rust_mozprofile.0SkY7NhRA6Q8"
1558686123412	addons.webextension.screenshots@mozilla.org	WARN	Loading extension 'screenshots@mozilla.org': Reading manifest: Invalid extension permission: mozillaAddons
1558686123412	addons.webextension.screenshots@mozilla.org	WARN	Loading extension 'screenshots@mozilla.org': Reading manifest: Invalid extension permission: resource://pdf.js/
1558686123412	addons.webextension.screenshots@mozilla.org	WARN	Loading extension 'screenshots@mozilla.org': Reading manifest: Invalid extension permission: about:reader*
1558686124484	Marionette	INFO	Listening on port 18285
1558686124738	Marionette	WARN	TLS certificate errors will be ignored for this session
console.error: BroadcastService: 
  receivedBroadcastMessage: handler for
  remote-settings/monitor_changes
  threw error:
  Message: Error: Polling for changes failed: http://%(server)s/dummy/blocklist//buckets/monitor/collections/changes/records?_expected=%221558646720191%22 is not a valid URL..
  Stack:
    remoteSettingsFunction/remoteSettings.pollChanges@resource://services-settings/remote-settings.js:203:13

1558686144917	Marionette	INFO	Stopped listening on port 18285
[Parent 20856, Gecko_IOThread] WARNING: pipe error: 109: file z:/task_1558035249/build/src/ipc/chromium/src/chrome/common/ipc_channel_win.cc, line 341
[Child 20620, Chrome_ChildThread] WARNING: pipe error: 109: file z:/task_1558035249/build/src/ipc/chromium/src/chrome/common/ipc_channel_win.cc, line 341
[Chil[Child 20d 20984, Chrome_ChildThread] WARNING: pipe error: 109: file z:/task_1558035249/build/src/ipc/chromium/src/chrome/common/ipc_channel_win.cc, line 341
[Child 20984, C[Parent 20856, Gecko_IOThread] WARNING: pipe error: 109: file z:/task_1558035249/build/src/ipc/chromium/src/chrome/common/ipc_channel_win.cc, line 341
[Child 11136, Chrome_ChildThread] WARNING: pipe error: 109: file z:/task_1558035249/build/src/ipc/chromium/src/chrome/common/ipc_channel_win.cc, line 341
[Child 11136, Chrome_ChildThre
###!!! [Child][RunMessage] Error: Channel closing: too late to send/recv, messages will be lost


###!!! [Child][MessageChannel::SendAndWait] Error: Channel error: cannot send/recv

1558686154063	mozrunner::runner	INFO	Running command: "C:\\Program Files\\Mozilla Firefox\\firefox.exe" "-marionette" "-foreground" "-no-remote" "-profile" "C:\\Users\\langzi\\AppData\\Local\\Temp\\rust_mozprofile.KwPxk5Cs1gdg"
1558686154357	addons.webextension.screenshots@mozilla.org	WARN	Loading extension 'screenshots@mozilla.org': Reading manifest: Invalid extension permission: mozillaAddons
1558686154357	addons.webextension.screenshots@mozilla.org	WARN	Loading extension 'screenshots@mozilla.org': Reading manifest: Invalid extension permission: resource://pdf.js/
1558686154357	addons.webextension.screenshots@mozilla.org	WARN	Loading extension 'screenshots@mozilla.org': Reading manifest: Invalid extension permission: about:reader*
1558686155451	Marionette	INFO	Listening on port 21785
1558686155675	Marionette	WARN	TLS certificate errors will be ignored for this session
1558686175813	Marionette	INFO	Stopped listening on port 21785
[Parent 10792, Gecko_IOThread] WARNING: pipe error: 109: file z:/task_1558035249/build/src/ipc/chromium/src/chrome/common/ipc_channel_win.cc, line 341
[Child 5880, Chrome_ChildThread] WARNING: pipe error: 109: file z:/task_1558035249/build/src/ipc/chromium/src/chrome/common/ipc_channel_win.cc, line 341
[[Child 588Parent 10792, Gecko_IOThread] WARNING: pipe error: 109: file z:/task_1558035249/build/src/ipc/chromium/src/chrome/common/ipc_channel_win.cc, line 341
[Child 17980, Chrome_ChildThread] WARNING: pipe error: 109: file z:/task_1558035249/build/src/ipc/chromium/src/chrome/common/ipc_channel_win.cc, line 341
[Child 17980, Chrom[Parent 10792, Gecko_IOThread] WARNING: pipe error: 109: file z:/task_1558035249/build/src/ipc/chromium/src/chrome/common/ipc_channel_win.cc, line 341
[Child 4932, Chrome_ChildThread] WARNING: pipe error: 109: file z:/task_1558035249/build/src/ipc/chromium/src/chrome/common/ipc_channel_win.cc, line 341
[Child 4932, Chrome_[GPU 6404, Chrome_Child
###!!! [Child][RunMessage] Error: Channel closing: too late to send/recv, messages will be lost


###!!! [Child][MessageChannel::SendAndWait] Error: Channel error: cannot send/recv

1558686185660	mozrunner::runner	INFO	Running command: "C:\\Program Files\\Mozilla Firefox\\firefox.exe" "-marionette" "-foreground" "-no-remote" "-profile" "C:\\Users\\langzi\\AppData\\Local\\Temp\\rust_mozprofile.VKzrHi80JfmM"
1558686185973	addons.webextension.screenshots@mozilla.org	WARN	Loading extension 'screenshots@mozilla.org': Reading manifest: Invalid extension permission: mozillaAddons
1558686185974	addons.webextension.screenshots@mozilla.org	WARN	Loading extension 'screenshots@mozilla.org': Reading manifest: Invalid extension permission: resource://pdf.js/
1558686185974	addons.webextension.screenshots@mozilla.org	WARN	Loading extension 'screenshots@mozilla.org': Reading manifest: Invalid extension permission: about:reader*
1558686187056	Marionette	INFO	Listening on port 25713
1558686187293	Marionette	WARN	TLS certificate errors will be ignored for this session
console.error: BroadcastService: 
  receivedBroadcastMessage: handler for
  remote-settings/monitor_changes
  threw error:
  Message: Error: Polling for changes failed: http://%(server)s/dummy/blocklist//buckets/monitor/collections/changes/records?_expected=%221558646720191%22 is not a valid URL..
  Stack:
    remoteSettingsFunction/remoteSettings.pollChanges@resource://services-settings/remote-settings.js:203:13

1558686207424	Marionette	INFO	Stopped listening on port 25713
[Parent 19764, Gecko_IOThread] WARNING: pipe error: 109: file z:/task_1558035249/build/src/ipc/chromium/src/chrome/common/ipc_channel_win.cc, line 341
[Child 17616, Chrome_ChildThread] WARNING: pipe error: 109: file z:/task_1558035249/build/src/ipc/chromium/src/chrome/common/ipc_channel_win.cc, line 341
[Child 1761[Child 18936, Chrome_ChildThread] WARNING: pipe error: 109: file z:/task_1558035249/build/src/ipc/chromium/src/chrome/common/ipc_channel_win.cc, line 341
[Child 18936, Chr[Child 15108, Chrome_ChildThread] WARNING: pipe error: 109: file z:/task_1558035249/build/src/ipc/chromium/src/chrome/common/ipc_channel_win.cc, line 341
[Child 15108, Chr
###!!! [Child][RunMessage] Error: Channel closing: too late to send/recv, messages will be lost

[GPU 157
###!!! [Child][MessageChannel::SendAndWait] Error: Channel error: cannot send/recv

1558686214287	mozrunner::runner	INFO	Running command: "C:\\Program Files\\Mozilla Firefox\\firefox.exe" "-marionette" "-foreground" "-no-remote" "-profile" "C:\\Users\\langzi\\AppData\\Local\\Temp\\rust_mozprofile.x7KVQ1LYkEza"
1558686214590	addons.webextension.screenshots@mozilla.org	WARN	Loading extension 'screenshots@mozilla.org': Reading manifest: Invalid extension permission: mozillaAddons
1558686214590	addons.webextension.screenshots@mozilla.org	WARN	Loading extension 'screenshots@mozilla.org': Reading manifest: Invalid extension permission: resource://pdf.js/
1558686214590	addons.webextension.screenshots@mozilla.org	WARN	Loading extension 'screenshots@mozilla.org': Reading manifest: Invalid extension permission: about:reader*
1558686215710	Marionette	INFO	Listening on port 29375
1558686215917	Marionette	WARN	TLS certificate errors will be ignored for this session
console.error: BroadcastService: 
  receivedBroadcastMessage: handler for
  remote-settings/monitor_changes
  threw error:
  Message: Error: Polling for changes failed: http://%(server)s/dummy/blocklist//buckets/monitor/collections/changes/records?_expected=%221558646720191%22 is not a valid URL..
  Stack:
    remoteSettingsFunction/remoteSettings.pollChanges@resource://services-settings/remote-settings.js:203:13

1558686235998	Marionette	INFO	Stopped listening on port 29375
[Parent 8984, Gecko_IOThread] WARNING: pipe error: 109: file z:/task_1558035249/build/src/ipc/chromium/src/chrome/common/ipc_channel_win.cc, line 341
[Child 15068, Chrome_ChildThread] WARNING: pipe error: 109: file z:/task_1558035249/build/src/ipc/chromium/src/chrome/common/ipc_channel_win.cc, line 341
[Chil[dC hild 18156, Chrome_ChildThread] WARNING: pipe error: 109: file z:/task_1558035249/build/src/ipc/chromium/src/chrome/common/ipc_channel_win.cc, line 341
[Child 18156,[Parent 8984, Gecko_IOThread] WARNING: pipe error: 109: file z:/task_1558035249/build/src/ipc/chromium/src/chrome/common/ipc_channel_win.cc, line 341
[Child 19752, Chrome_ChildThread] WARNING: pipe error: 109: file z:/task_1558035249/build/src/ipc/chromium/src/chrome/common/ipc_channel_win.cc, line 341
[Child 19752, C[GPU 59
###!!! [Child][RunMessage] Error: Channel closing: too late to send/recv, messages will be lost

1
###!!! [Child][MessageChannel::SendAndWait] Error: Channel error: cannot send/recv

1558686243631	mozrunner::runner	INFO	Running command: "C:\\Program Files\\Mozilla Firefox\\firefox.exe" "-marionette" "-foreground" "-no-remote" "-profile" "C:\\Users\\langzi\\AppData\\Local\\Temp\\rust_mozprofile.ko0ztGWN4XT5"
1558686243938	addons.webextension.screenshots@mozilla.org	WARN	Loading extension 'screenshots@mozilla.org': Reading manifest: Invalid extension permission: mozillaAddons
1558686243938	addons.webextension.screenshots@mozilla.org	WARN	Loading extension 'screenshots@mozilla.org': Reading manifest: Invalid extension permission: resource://pdf.js/
1558686243938	addons.webextension.screenshots@mozilla.org	WARN	Loading extension 'screenshots@mozilla.org': Reading manifest: Invalid extension permission: about:reader*
1558686245091	Marionette	INFO	Listening on port 32988
1558686245260	Marionette	WARN	TLS certificate errors will be ignored for this session
console.error: BroadcastService: 
  receivedBroadcastMessage: handler for
  remote-settings/monitor_changes
  threw error:
  Message: Error: Polling for changes failed: http://%(server)s/dummy/blocklist//buckets/monitor/collections/changes/records?_expected=%221558646720191%22 is not a valid URL..
  Stack:
    remoteSettingsFunction/remoteSettings.pollChanges@resource://services-settings/remote-settings.js:203:13

1558686265347	Marionette	INFO	Stopped listening on port 32988
[Parent 15708, Gecko_IOThread] WARNING: pipe error: 109: file z:/task_1558035249/build/src/ipc/chromium/src/chrome/common/ipc_channel_win.cc, line 341
[Parent 15708, Gecko_IOThread] WARNING: pipe error: 109: file z:/task_1558035249/build/src/ipc/chromium/src/chrome/common/ipc_channel_win.cc, line 341
[Child 15920, Chrome_ChildThread] WARNING: pipe error: 109: file z:/task_1558035249/build/src/ipc/chromium/src/chrome/common/ipc_channel_win.cc[Child 9184, Chrome_C, hildThread] WARNING: pipe error: 109: file z:/tasline 341
k_1558035249/build/src/ipc/chromium/src/chrome/common/ipc_channel_win.cc, line 341
[Child 9184, Chrome_C[Parent 15708, Gecko_IOThread] WARNING: pipe error: 109: file z:/task_1558035249/build/src/ipc/chromium/src/chrome/common/ipc_channel_win.cc, line 341
[Child 19648, Chrome_ChildThread] WARNING: pipe error: 109: file z:/task_1558035249/build/src/ipc/chromium/src/chrome/common/ipc_channel_win.cc, line 341
[Child 19648, C
###!!! [Child][RunMessage] Error: Channel closing: too late to send/recv, messages will be lost

[GPU 20416, Chrome_
###!!! [Child][MessageChannel::SendAndWait] Error: Channel error: cannot send/recv

1558686273705	mozrunner::runner	INFO	Running command: "C:\\Program Files\\Mozilla Firefox\\firefox.exe" "-marionette" "-foreground" "-no-remote" "-profile" "C:\\Users\\langzi\\AppData\\Local\\Temp\\rust_mozprofile.OemHtCkr6PI1"
1558686274015	addons.webextension.screenshots@mozilla.org	WARN	Loading extension 'screenshots@mozilla.org': Reading manifest: Invalid extension permission: mozillaAddons
1558686274015	addons.webextension.screenshots@mozilla.org	WARN	Loading extension 'screenshots@mozilla.org': Reading manifest: Invalid extension permission: resource://pdf.js/
1558686274015	addons.webextension.screenshots@mozilla.org	WARN	Loading extension 'screenshots@mozilla.org': Reading manifest: Invalid extension permission: about:reader*
1558686275107	Marionette	INFO	Listening on port 36400
1558686275336	Marionette	WARN	TLS certificate errors will be ignored for this session
console.error: BroadcastService: 
  receivedBroadcastMessage: handler for
  remote-settings/monitor_changes
  threw error:
  Message: Error: Polling for changes failed: http://%(server)s/dummy/blocklist//buckets/monitor/collections/changes/records?_expected=%221558646720191%22 is not a valid URL..
  Stack:
    remoteSettingsFunction/remoteSettings.pollChanges@resource://services-settings/remote-settings.js:203:13

1558686295420	Marionette	INFO	Stopped listening on port 36400
[Child 17172, Chrome_ChildThread] WARNING: pipe error: 109: file z:/task_1558035249/build/src/ipc/chromium/src/chrome/common/ipc_channel_[Child 17036, Chromewin.c_ChildThread] WARNING: pipe ec, line 341
rror: 109: file z:/task_1558035249/build/src/ipc/chromium/src/chrome/common/ipc_channel_win.cc, line 341
[Child 17036, Chrome_ChildThr[Parent 18972, Gecko_IOThread] WARNING: pipe error: 109: file z:/task_1558035249/build/src/ipc/chromium/src/chrome/common/ipc_channel_win.cc, line 341
[Child 19620, Chrome_ChildThread] WARNING: pipe error: 109: file z:/task_1558035249/build/src/ipc/chromium/src/chrome/common/ipc_channel_win.cc, line 341
[Child 19620, Chrome_Child
###!!! [Child][RunMessage] Error: Channel closing: too late to send/recv, messages will be lost

[
###!!! [Child][MessageChannel::SendAndWait] Error: Channel error: cannot send/recv

1558686302279	mozrunner::runner	INFO	Running command: "C:\\Program Files\\Mozilla Firefox\\firefox.exe" "-marionette" "-foreground" "-no-remote" "-profile" "C:\\Users\\langzi\\AppData\\Local\\Temp\\rust_mozprofile.zbJPhpON7Jt5"
1558686302579	addons.webextension.screenshots@mozilla.org	WARN	Loading extension 'screenshots@mozilla.org': Reading manifest: Invalid extension permission: mozillaAddons
1558686302579	addons.webextension.screenshots@mozilla.org	WARN	Loading extension 'screenshots@mozilla.org': Reading manifest: Invalid extension permission: resource://pdf.js/
1558686302579	addons.webextension.screenshots@mozilla.org	WARN	Loading extension 'screenshots@mozilla.org': Reading manifest: Invalid extension permission: about:reader*
1558686303677	Marionette	INFO	Listening on port 40816
1558686303899	Marionette	WARN	TLS certificate errors will be ignored for this session
console.error: BroadcastService: 
  receivedBroadcastMessage: handler for
  remote-settings/monitor_changes
  threw error:
  Message: Error: Polling for changes failed: http://%(server)s/dummy/blocklist//buckets/monitor/collections/changes/records?_expected=%221558646720191%22 is not a valid URL..
  Stack:
    remoteSettingsFunction/remoteSettings.pollChanges@resource://services-settings/remote-settings.js:203:13

1558686323990	Marionette	INFO	Stopped listening on port 40816
[Parent 16416, Gecko_IOThread] WARNING: pipe error: 109: file z:/task_1558035249/build/src/ipc/chromium/src/chrome/common/ipc_channel_win.cc, line 341
[Child 20464, Chrome_ChildThread] WARNING: pipe error: 109: file z:/task_1558035249/build/src/ipc/chromium/src/chrome/common/ipc_chan[Child 15148, Cnel_win.cc, line 341
hrome[Child 20464,_ChildThread] WARNING: pipe error: 109: file z:/task_1558035249/build/src/ipc/chromium/src/chrome/common/ipc_channel_win.cc, line 341
[Child 1514[Parent 16416, Gecko_IOThread] WARNING: pipe error: 109: file z:/task_1558035249/build/src/ipc/chromium/src/chrome/common/ipc_channel_win.cc, line 341
[Child 18300, Chrome_ChildThread] WARNING: pipe error: 109: file z:/task_1558035249/build/src/ipc/chromium/src/chrome/common/ipc_channel_win.cc, line 341
[Child 18300, Chrome_Chil
###!!! [Child][RunMessage] Error: Channel closing: too late to send/recv, messages will be lost

[GPU 1
###!!! [Child][MessageChannel::SendAndWait] Error: Channel error: cannot send/recv

1558686330954	mozrunner::runner	INFO	Running command: "C:\\Program Files\\Mozilla Firefox\\firefox.exe" "-marionette" "-foreground" "-no-remote" "-profile" "C:\\Users\\langzi\\AppData\\Local\\Temp\\rust_mozprofile.kRfwm5tEIuN4"
1558686331261	addons.webextension.screenshots@mozilla.org	WARN	Loading extension 'screenshots@mozilla.org': Reading manifest: Invalid extension permission: mozillaAddons
1558686331261	addons.webextension.screenshots@mozilla.org	WARN	Loading extension 'screenshots@mozilla.org': Reading manifest: Invalid extension permission: resource://pdf.js/
1558686331261	addons.webextension.screenshots@mozilla.org	WARN	Loading extension 'screenshots@mozilla.org': Reading manifest: Invalid extension permission: about:reader*
1558686332383	Marionette	INFO	Listening on port 44844
1558686332574	Marionette	WARN	TLS certificate errors will be ignored for this session
console.error: BroadcastService: 
  receivedBroadcastMessage: handler for
  remote-settings/monitor_changes
  threw error:
  Message: Error: Polling for changes failed: http://%(server)s/dummy/blocklist//buckets/monitor/collections/changes/records?_expected=%221558646720191%22 is not a valid URL..
  Stack:
    remoteSettingsFunction/remoteSettings.pollChanges@resource://services-settings/remote-settings.js:203:13

1558686352662	Marionette	INFO	Stopped listening on port 44844
[Parent 19112, Gecko_IOThread] WARNING: pipe error: 109: file z:/task_1558035249/build/src/ipc/chromium/src/chrome/common/ipc_channel_win.cc, line 341
[Parent 19112, Gecko_IOThread] WARNING: pipe error: 109: file z:/task_1558035249/build/src/ipc/chromium/src/chrome/common/ipc_channel_win.cc, line 341
[Child 19752, Chrome_ChildThread] WARNING: pipe error: 109: file z:/task_1558035249/build/src/ipc/chromium/src/chrome/common/ipc_channel_win.cc, line 341
[Child 9296, Chrome_ChildThread] WARNING: pipe error: 109: file z:/task_1558035249/build/src/ipc/chromium/src/chrome/common/ipc_channel_win.cc, line 341
[Child 9296, [Parent 19112, Gecko_IOThread] WARNING: pipe error: 109: file z:/task_1558035249/build/src/ipc/chromium/src/chrome/common/ipc_channel_win.cc, line 341
[Child 8252, Chrome_ChildThread] WARNING: pipe error: 109: file z:/task_1558035249/build/src/ipc/chromium/src/chrome/common/ipc_channel_win.cc, line 341
[Child 8252, Chrome_Chil
###!!! [Child][RunMessage] Error: Channel closing: too late to send/recv, messages will be lost

[GPU 1516
###!!! [Child][MessageChannel::SendAndWait] Error: Channel error: cannot send/recv

1558686363783	mozrunner::runner	INFO	Running command: "C:\\Program Files\\Mozilla Firefox\\firefox.exe" "-marionette" "-foreground" "-no-remote" "-profile" "C:\\Users\\langzi\\AppData\\Local\\Temp\\rust_mozprofile.Vo7syILDIZGg"
1558686364085	addons.webextension.screenshots@mozilla.org	WARN	Loading extension 'screenshots@mozilla.org': Reading manifest: Invalid extension permission: mozillaAddons
1558686364085	addons.webextension.screenshots@mozilla.org	WARN	Loading extension 'screenshots@mozilla.org': Reading manifest: Invalid extension permission: resource://pdf.js/
1558686364085	addons.webextension.screenshots@mozilla.org	WARN	Loading extension 'screenshots@mozilla.org': Reading manifest: Invalid extension permission: about:reader*
1558686365247	Marionette	INFO	Listening on port 48067
1558686365403	Marionette	WARN	TLS certificate errors will be ignored for this session
console.error: BroadcastService: 
  receivedBroadcastMessage: handler for
  remote-settings/monitor_changes
  threw error:
  Message: Error: Polling for changes failed: http://%(server)s/dummy/blocklist//buckets/monitor/collections/changes/records?_expected=%221558646720191%22 is not a valid URL..
  Stack:
    remoteSettingsFunction/remoteSettings.pollChanges@resource://services-settings/remote-settings.js:203:13

1558686385495	Marionette	INFO	Stopped listening on port 48067
[Parent 16280, Gecko_IOThread] WARNING: pipe error: 109: file z:/task_1558035249/build/src/ipc/chromium/src/chrome/common/ipc_channel_win.cc, line 341
[Child 11796, Chrome_ChildThread] WARNING: pipe error: 109: file z:/task_1558035249/build/src/ipc/chromium/src/chrome/common/ipc_channel_wi[Child 7704, Chrome_ChildThread] WARNING: pipe error: 109: file z:/n.cc, line 341
task_1558035249/build/src/ipc/chromium/src/chrome/common/ipc_channel_win.cc, line 341
[Child 7704,[Parent 16280, Gecko_IOThread] WARNING: pipe error: 109: file z:/task_1558035249/build/src/ipc/chromium/src/chrome/common/ipc_channel_win.cc, line 341
[Child 12668, Chrome_ChildThread] WARNING: pipe error: 109: file z:/task_1558035249/build/src/ipc/chromium/src/chrome/common/ipc_channel_win.cc, line 341
[Child 12668, Chrome_Chil
###!!! [Child][RunMessage] Error: Channel closing: too late to send/recv, messages will be lost

[GPU 14356, Ch
###!!! [Child][MessageChannel::SendAndWait] Error: Channel error: cannot send/recv

1558686395143	mozrunner::runner	INFO	Running command: "C:\\Program Files\\Mozilla Firefox\\firefox.exe" "-marionette" "-foreground" "-no-remote" "-profile" "C:\\Users\\langzi\\AppData\\Local\\Temp\\rust_mozprofile.BjNwE3VmrOso"
1558686395446	addons.webextension.screenshots@mozilla.org	WARN	Loading extension 'screenshots@mozilla.org': Reading manifest: Invalid extension permission: mozillaAddons
1558686395446	addons.webextension.screenshots@mozilla.org	WARN	Loading extension 'screenshots@mozilla.org': Reading manifest: Invalid extension permission: resource://pdf.js/
1558686395446	addons.webextension.screenshots@mozilla.org	WARN	Loading extension 'screenshots@mozilla.org': Reading manifest: Invalid extension permission: about:reader*
1558686396612	Marionette	INFO	Listening on port 51195
1558686396766	Marionette	WARN	TLS certificate errors will be ignored for this session
console.error: BroadcastService: 
  receivedBroadcastMessage: handler for
  remote-settings/monitor_changes
  threw error:
  Message: Error: Polling for changes failed: http://%(server)s/dummy/blocklist//buckets/monitor/collections/changes/records?_expected=%221558646720191%22 is not a valid URL..
  Stack:
    remoteSettingsFunction/remoteSettings.pollChanges@resource://services-settings/remote-settings.js:203:13

1558686416851	Marionette	INFO	Stopped listening on port 51195
[Parent 4828, Gecko_IOThread] WARNING: pipe error: 109: file z:/task_1558035249/build/src/ipc/chromium/src/chrome/common/ipc_channel_win.cc, line 341
[Parent 4828, Gecko_IOThread] WARNING: pipe error: 109: file z:/task_1558035249/build/src/ipc/chromium/src/chrome/common/ipc_channel_win.cc, line 341
[Child 18412, Chrome_ChildThread] WARNING: pipe error: 109: file z:/task_1558035249/build/src/ipc/chromium/src/chrome/[Child 20440, Chrome_ChildThread] WARNING: pipcommon/ipc_channele error: _win.cc, line 341
109: file z:/task_1558035249/build/src/ipc/chromium/src/chrome/common/ipc_channel_win.cc, line 341
[Child 20440, Chrome_[Parent 4828, Gecko_IOThread] WARNING: pipe error: 109: file z:/task_1558035249/build/src/ipc/chromium/src/chrome/common/ipc_channel_win.cc, line 341
[Child 19556, Chrome_ChildThread] WARNING: pipe error: 109: file z:/task_1558035249/build/src/ipc/chromium/src/chrome/common/ipc_channel_win.cc, line 341
[Child 19556, Ch[GPU
###!!! [Child][RunMessage] Error: Channel closing: too late to send/recv, messages will be lost

 20
###!!! [Child][MessageChannel::SendAndWait] Error: Channel error: cannot send/recv

1558686424338	mozrunner::runner	INFO	Running command: "C:\\Program Files\\Mozilla Firefox\\firefox.exe" "-marionette" "-foreground" "-no-remote" "-profile" "C:\\Users\\langzi\\AppData\\Local\\Temp\\rust_mozprofile.eRFeuKpvPRyr"
1558686424643	addons.webextension.screenshots@mozilla.org	WARN	Loading extension 'screenshots@mozilla.org': Reading manifest: Invalid extension permission: mozillaAddons
1558686424643	addons.webextension.screenshots@mozilla.org	WARN	Loading extension 'screenshots@mozilla.org': Reading manifest: Invalid extension permission: resource://pdf.js/
1558686424643	addons.webextension.screenshots@mozilla.org	WARN	Loading extension 'screenshots@mozilla.org': Reading manifest: Invalid extension permission: about:reader*
1558686425826	Marionette	INFO	Listening on port 53930
1558686425957	Marionette	WARN	TLS certificate errors will be ignored for this session
console.error: BroadcastService: 
  receivedBroadcastMessage: handler for
  remote-settings/monitor_changes
  threw error:
  Message: Error: Polling for changes failed: http://%(server)s/dummy/blocklist//buckets/monitor/collections/changes/records?_expected=%221558646720191%22 is not a valid URL..
  Stack:
    remoteSettingsFunction/remoteSettings.pollChanges@resource://services-settings/remote-settings.js:203:13

1558686446047	Marionette	INFO	Stopped listening on port 53930
[Parent 3368, Gecko_IOThread] WARNING: pipe error: 109: file z:/task_1558035249/build/src/ipc/chromium/src/chrome/common/ipc_channel_win.cc, line 341
[Parent 3368, Gecko_IOThread] WARNING: pipe error: 109: file z:/task_1558035249/build/src/ipc/chromium/src/chrome/common/ipc_channel_win.cc, line 341
[Child 15500, Chrome_ChildThread] WARNING: pipe error: 109: file z:/task_1558035249/build/src/ipc/chromium/src/chrome/common/ipc_channel_win.cc, line 341
[Chil[Child 20632, Chrome_ChildThread] WARNING: pipe error: 109: file z:/task_1558035249/build/src/ipc/chromium/src/chrome/common/ipc_channel_win.cc, line 341
[Child 20632, [Parent 3368, Gecko_IOThread] WARNING: pipe error: 109: file z:/task_1558035249/build/src/ipc/chromium/src/chrome/common/ipc_channel_win.cc, line 341
[GPU 20908, Ch
###!!! [Child][RunMessage] Error: Channel closing: too late to send/recv, messages will be lost

r
###!!! [Child][MessageChannel::SendAndWait] Error: Channel error: cannot send/recv

1558686454918	mozrunner::runner	INFO	Running command: "C:\\Program Files\\Mozilla Firefox\\firefox.exe" "-marionette" "-foreground" "-no-remote" "-profile" "C:\\Users\\langzi\\AppData\\Local\\Temp\\rust_mozprofile.6uFVi8ECpFHJ"
1558686455227	addons.webextension.screenshots@mozilla.org	WARN	Loading extension 'screenshots@mozilla.org': Reading manifest: Invalid extension permission: mozillaAddons
1558686455228	addons.webextension.screenshots@mozilla.org	WARN	Loading extension 'screenshots@mozilla.org': Reading manifest: Invalid extension permission: resource://pdf.js/
1558686455228	addons.webextension.screenshots@mozilla.org	WARN	Loading extension 'screenshots@mozilla.org': Reading manifest: Invalid extension permission: about:reader*
1558686456301	Marionette	INFO	Listening on port 56782
1558686456552	Marionette	WARN	TLS certificate errors will be ignored for this session
console.error: BroadcastService: 
  receivedBroadcastMessage: handler for
  remote-settings/monitor_changes
  threw error:
  Message: Error: Polling for changes failed: http://%(server)s/dummy/blocklist//buckets/monitor/collections/changes/records?_expected=%221558646720191%22 is not a valid URL..
  Stack:
    remoteSettingsFunction/remoteSettings.pollChanges@resource://services-settings/remote-settings.js:203:13

1558686476643	Marionette	INFO	Stopped listening on port 56782
[Parent 4580, Gecko_IOThread] WARNING: pipe error: 109: file z:/task_1558035249/build/src/ipc/chromium/src/chrome/common/ipc_channel_win.cc, line 341
[Parent 4580, Gecko_IOThread] WARNING: pipe error: 109: file z:/task_1558035249/build/src/ipc/chromium/src/chrome/common/ipc_channel_win.cc, line 341
[Child 16928, Chrome_ChildThread] WARNING: pipe error: 109: file z:/task_1558035249/build/src/ipc/chromium/src/chrome/common/ipc_channel_win.cc, li[Child 19672, Chrome_ChildTne 341
h[Child 1692read] WARNING: pipe error: 109: file z:/task_1558035249/build/src/ipc/chromium/src/chrome/common/ipc_channel_win.cc, line 341
[Child 1[Parent 4580, Gecko_IOThread] WARNING: pipe error: 109: file z:/task_1558035249/build/src/ipc/chromium/src/chrome/common/ipc_channel_win.cc, line 341
[Child 15696, Chrome_ChildThread] WARNING: pipe error: 109: file z:/task_1558035249/build/src/ipc/chromium/src/chrome/common/ipc_channel_win.cc, line 341
[Child 15696, C
###!!! [Child][RunMessage] Error: Channel closing: too late to send/recv, messages will be lost

[GPU 132, Chrome_Ch
###!!! [Child][MessageChannel::SendAndWait] Error: Channel error: cannot send/recv

1558686485306	mozrunner::runner	INFO	Running command: "C:\\Program Files\\Mozilla Firefox\\firefox.exe" "-marionette" "-foreground" "-no-remote" "-profile" "C:\\Users\\langzi\\AppData\\Local\\Temp\\rust_mozprofile.XCRMQgCqUqiI"
1558686485608	addons.webextension.screenshots@mozilla.org	WARN	Loading extension 'screenshots@mozilla.org': Reading manifest: Invalid extension permission: mozillaAddons
1558686485608	addons.webextension.screenshots@mozilla.org	WARN	Loading extension 'screenshots@mozilla.org': Reading manifest: Invalid extension permission: resource://pdf.js/
1558686485608	addons.webextension.screenshots@mozilla.org	WARN	Loading extension 'screenshots@mozilla.org': Reading manifest: Invalid extension permission: about:reader*
1558686486697	Marionette	INFO	Listening on port 60021
1558686486918	Marionette	WARN	TLS certificate errors will be ignored for this session
console.error: BroadcastService: 
  receivedBroadcastMessage: handler for
  remote-settings/monitor_changes
  threw error:
  Message: Error: Polling for changes failed: http://%(server)s/dummy/blocklist//buckets/monitor/collections/changes/records?_expected=%221558646720191%22 is not a valid URL..
  Stack:
    remoteSettingsFunction/remoteSettings.pollChanges@resource://services-settings/remote-settings.js:203:13

1558686507002	Marionette	INFO	Stopped listening on port 60021
[Parent 15448, Gecko_IOThread] WARNING: pipe error: 109: file z:/task_1558035249/build/src/ipc/chromium/src/chrome/common/ipc_channel_win.cc, line 341
[Parent 15448, Gecko_IOThread] WARNING: pipe error: 109: file z:/task_1558035249/build/src/ipc/chromium/src/chrome/common/ipc_channel_win.cc, line 341
[Child 18928, Chrome_ChildThread] WARNING: pipe error: 109: file z:/task_1558035249/build/src/ipc/chromium/src/chrome/common/ipc_chan[Child 18984, Chrome_Chnel_win.cc, liildThread] WARne 341
[Child 18928NING: pipe error: 109: file z:/task_1558035249/build/src/ipc/chromium/src/chrome/common/ipc_channel_win.cc, line 341
[Child 18984, Chrom[Parent 15448, Gecko_IOThread] WARNING: pipe error: 109: file z:/task_1558035249/build/src/ipc/chromium/src/chrome/common/ipc_channel_win.cc, line 341
[Child 10640, Chrome_ChildThread] WARNING: pipe error: 109: file z:/task_1558035249/build/src/ipc/chromium/src/chrome/common/ipc_channel_win.cc, line 341
[Child 10640, Chrome_ChildThrea
###!!! [Child][MessageChannel::SendAndWait] Error: Channel error: cannot send/recv

1558686514340	mozrunner::runner	INFO	Running command: "C:\\Program Files\\Mozilla Firefox\\firefox.exe" "-marionette" "-foreground" "-no-remote" "-profile" "C:\\Users\\langzi\\AppData\\Local\\Temp\\rust_mozprofile.zyCSChWvFNZ2"
1558686514640	addons.webextension.screenshots@mozilla.org	WARN	Loading extension 'screenshots@mozilla.org': Reading manifest: Invalid extension permission: mozillaAddons
1558686514640	addons.webextension.screenshots@mozilla.org	WARN	Loading extension 'screenshots@mozilla.org': Reading manifest: Invalid extension permission: resource://pdf.js/
1558686514640	addons.webextension.screenshots@mozilla.org	WARN	Loading extension 'screenshots@mozilla.org': Reading manifest: Invalid extension permission: about:reader*
1558686515804	Marionette	INFO	Listening on port 63224
1558686515967	Marionette	WARN	TLS certificate errors will be ignored for this session
console.error: BroadcastService: 
  receivedBroadcastMessage: handler for
  remote-settings/monitor_changes
  threw error:
  Message: Error: Polling for changes failed: http://%(server)s/dummy/blocklist//buckets/monitor/collections/changes/records?_expected=%221558646720191%22 is not a valid URL..
  Stack:
    remoteSettingsFunction/remoteSettings.pollChanges@resource://services-settings/remote-settings.js:203:13

1558686536058	Marionette	INFO	Stopped listening on port 63224
[Parent 18032, Gecko_IOThread] WARNING: pipe error: 109: file z:/task_1558035249/build/src/ipc/chromium/src/chrome/common/ipc_channel_win.cc, line 341
[Parent 18032, Gecko_IOThread] WARNING: pipe error: 109: file z:/task_1558035249/build/src/ipc/chromium/src/chrome/common/ipc_channel_win.cc, line 341
[Child 20836, Chrome_ChildThread] WARNING: pipe error: 109: file z:/task_1558035[Child 16336, Chrome_ChildThread] WARNING: pipe error: 109: file2 z:/task_15580352449/9/build/src/ipbuild/src/ipc/chromium/src/chrome/common/ipc_channel_c/wichromium/n.cc, line 3src/chrome/com41
[Child 1633mon/ipc_channel_win.cc, line 341
[Child 20[Parent 18032, Gecko_IOThread] WARNING: pipe error: 109: file z:/task_1558035249/build/src/ipc/chromium/src/chrome/common/ipc_channel_win.cc, line 341
[Child 16864, Chrome_ChildThread] WARNING: pipe error: 109: file z:/task_1558035249/build/src/ipc/chromium/src/chrome/common/ipc_channel_win.cc, line 341
[Child 16864, Chrome_ChildT
###!!! [Child][RunMessage] Error: Channel closing: too late to send/recv, messages will be lost

[GPU 197
###!!! [Child][MessageChannel::SendAndWait] Error: Channel error: cannot send/recv

1558686547076	mozrunner::runner	INFO	Running command: "C:\\Program Files\\Mozilla Firefox\\firefox.exe" "-marionette" "-foreground" "-no-remote" "-profile" "C:\\Users\\langzi\\AppData\\Local\\Temp\\rust_mozprofile.59K6gFBl0ew5"
1558686547381	addons.webextension.screenshots@mozilla.org	WARN	Loading extension 'screenshots@mozilla.org': Reading manifest: Invalid extension permission: mozillaAddons
1558686547381	addons.webextension.screenshots@mozilla.org	WARN	Loading extension 'screenshots@mozilla.org': Reading manifest: Invalid extension permission: resource://pdf.js/
1558686547381	addons.webextension.screenshots@mozilla.org	WARN	Loading extension 'screenshots@mozilla.org': Reading manifest: Invalid extension permission: about:reader*
1558686548513	Marionette	INFO	Listening on port 2362
1558686548703	Marionette	WARN	TLS certificate errors will be ignored for this session
console.error: BroadcastService: 
  receivedBroadcastMessage: handler for
  remote-settings/monitor_changes
  threw error:
  Message: Error: Polling for changes failed: http://%(server)s/dummy/blocklist//buckets/monitor/collections/changes/records?_expected=%221558646720191%22 is not a valid URL..
  Stack:
    remoteSettingsFunction/remoteSettings.pollChanges@resource://services-settings/remote-settings.js:203:13

1558686568855	Marionette	INFO	Stopped listening on port 2362
[Parent 19800, Gecko_IOThread] WARNING: pipe error: 109: file z:/task_1558035249/build/src/ipc/chromium/src/chrome/common/ipc_channel_win.cc, line 341
[Child 3156, Chrome_ChildThread] WARNING: pipe error: 109: file z:/task_1558035249/build/src/ipc/chromium/src/chrome/common/ipc_channel_win.cc, line 341
[Child 3156, Chrom[Parent 19800, Gecko_IOThread] WARNING: pipe error: 109: file z:/task_1558035249/build/src/ipc/chromium/src/chrome/common/ipc_channel_win.cc, line 341
[Child 17676, Chrome_ChildThread] WARNING: pipe error: 109: file z:/task_1558035249/build/src/ipc/chromium/src/chrome/common/ipc_channel_win.cc, line 341
[Child 17676, Chrome_ChildT[GPU 
###!!! [Child][RunMessage] Error: Channel closing: too late to send/recv, messages will be lost

15820,
###!!! [Child][MessageChannel::SendAndWait] Error: Channel error: cannot send/recv

1558686579742	mozrunner::runner	INFO	Running command: "C:\\Program Files\\Mozilla Firefox\\firefox.exe" "-marionette" "-foreground" "-no-remote" "-profile" "C:\\Users\\langzi\\AppData\\Local\\Temp\\rust_mozprofile.bt49BaqqbQBK"
1558686580036	addons.webextension.screenshots@mozilla.org	WARN	Loading extension 'screenshots@mozilla.org': Reading manifest: Invalid extension permission: mozillaAddons
1558686580036	addons.webextension.screenshots@mozilla.org	WARN	Loading extension 'screenshots@mozilla.org': Reading manifest: Invalid extension permission: resource://pdf.js/
1558686580036	addons.webextension.screenshots@mozilla.org	WARN	Loading extension 'screenshots@mozilla.org': Reading manifest: Invalid extension permission: about:reader*
1558686581127	Marionette	INFO	Listening on port 6055
1558686581363	Marionette	WARN	TLS certificate errors will be ignored for this session
console.error: BroadcastService: 
  receivedBroadcastMessage: handler for
  remote-settings/monitor_changes
  threw error:
  Message: Error: Polling for changes failed: http://%(server)s/dummy/blocklist//buckets/monitor/collections/changes/records?_expected=%221558646720191%22 is not a valid URL..
  Stack:
    remoteSettingsFunction/remoteSettings.pollChanges@resource://services-settings/remote-settings.js:203:13

1558686601448	Marionette	INFO	Stopped listening on port 6055
[Parent 15152, Gecko_IOThread] WARNING: pipe error: 109: file z:/task_1558035249/build/src/ipc/chromium/src/chrome/common/ipc_channel_win.cc, line 341
[Parent 15152, Gecko_IOThread] WARNING: pipe error: 109: file z:/task_1558035249/build/src/ipc/chromium/src/chrome/common/ipc_channel_win.cc, line 341
[Child 11344, Chrome_ChildThread] WARNING: pipe error: 109: file z:/task_1558035249/build/src/ipc/chromium/src/chrome/common/i[Child 20580, Chropc_channel_win.cme_ChildThread] WARNING: pipe error: 109: file z:/task_1558035249/build/src/c, line 341
ipc/chromium/src/chrome/common/ipc_channel_win.cc, line 341
[Child 20580,[Parent 15152, Gecko_IOThread] WARNING: pipe error: 109: file z:/task_1558035249/build/src/ipc/chromium/src/chrome/common/ipc_channel_win.cc, line 341
[Child 18612, Chrome_ChildThread] WARNING: pipe error: 109: file z:/task_1558035249/build/src/ipc/chromium/src/chrome/common/ipc_channel_win.cc, line 341
[Child 18612, Chrome_Chi
###!!! [Child][MessageChannel::SendAndWait] Error: Channel error: cannot send/recv

1558686611772	mozrunner::runner	INFO	Running command: "C:\\Program Files\\Mozilla Firefox\\firefox.exe" "-marionette" "-foreground" "-no-remote" "-profile" "C:\\Users\\langzi\\AppData\\Local\\Temp\\rust_mozprofile.Wkabl7Mn9NI4"
1558686612072	addons.webextension.screenshots@mozilla.org	WARN	Loading extension 'screenshots@mozilla.org': Reading manifest: Invalid extension permission: mozillaAddons
1558686612073	addons.webextension.screenshots@mozilla.org	WARN	Loading extension 'screenshots@mozilla.org': Reading manifest: Invalid extension permission: resource://pdf.js/
1558686612073	addons.webextension.screenshots@mozilla.org	WARN	Loading extension 'screenshots@mozilla.org': Reading manifest: Invalid extension permission: about:reader*
1558686613155	Marionette	INFO	Listening on port 9268
1558686613390	Marionette	WARN	TLS certificate errors will be ignored for this session
console.error: BroadcastService: 
  receivedBroadcastMessage: handler for
  remote-settings/monitor_changes
  threw error:
  Message: Error: Polling for changes failed: http://%(server)s/dummy/blocklist//buckets/monitor/collections/changes/records?_expected=%221558646720191%22 is not a valid URL..
  Stack:
    remoteSettingsFunction/remoteSettings.pollChanges@resource://services-settings/remote-settings.js:203:13

1558686633478	Marionette	INFO	Stopped listening on port 9268
[Parent 6108, Gecko_IOThread] WARNING: pipe error: 109: file z:/task_1558035249/build/src/ipc/chromium/src/chrome/common/ipc_channel_win.cc, line 341
[Parent 6108, Gecko_IOThread] WARNING: pipe error: 109: file z:/task_1558035249/build/src/ipc/chromium/src/chrome/common/ipc_channel_win.cc, line 341
[Child 19436, Chrome_ChildThread] WARNING: pipe error: 109: file z:/task_1558035249/build/src/ipc/c[Child 18888, Chrome_Chromium/src/chrome/commonhildThread] WARNING: pip/ipc_e error: 109: file z:ch/task_1558035249annel/b_win.cc, line 341
uild/sr[Child 1943c/ipc/chromium/src/chrome/common/ipc_channel_win.cc, line 341
[Child 18888, Chrome_C[Parent 6108, Gecko_IOThread] WARNING: pipe error: 109: file z:/task_1558035249/build/src/ipc/chromium/src/chrome/common/ipc_channel_win.cc, line 341
[G
###!!! [Child][MessageChannel::SendAndWait] Error: Channel error: cannot send/recv

1558686656879	mozrunner::runner	INFO	Running command: "C:\\Program Files\\Mozilla Firefox\\firefox.exe" "-marionette" "-foreground" "-no-remote" "-profile" "C:\\Users\\langzi\\AppData\\Local\\Temp\\rust_mozprofile.6AfAFDm4tNUc"
1558686657181	addons.webextension.screenshots@mozilla.org	WARN	Loading extension 'screenshots@mozilla.org': Reading manifest: Invalid extension permission: mozillaAddons
1558686657181	addons.webextension.screenshots@mozilla.org	WARN	Loading extension 'screenshots@mozilla.org': Reading manifest: Invalid extension permission: resource://pdf.js/
1558686657181	addons.webextension.screenshots@mozilla.org	WARN	Loading extension 'screenshots@mozilla.org': Reading manifest: Invalid extension permission: about:reader*
1558686658303	Marionette	INFO	Listening on port 14255
1558686658503	Marionette	WARN	TLS certificate errors will be ignored for this session
console.error: BroadcastService: 
  receivedBroadcastMessage: handler for
  remote-settings/monitor_changes
  threw error:
  Message: Error: Polling for changes failed: http://%(server)s/dummy/blocklist//buckets/monitor/collections/changes/records?_expected=%221558646720191%22 is not a valid URL..
  Stack:
    remoteSettingsFunction/remoteSettings.pollChanges@resource://services-settings/remote-settings.js:203:13

1558686678596	Marionette	INFO	Stopped listening on port 14255
[Parent 18304, Gecko_IOThread] WARNING: pipe error: 109: file z:/task_1558035249/build/src/ipc/chromium/src/chrome/common/ipc_channel_win.cc, line 341
[Parent 18304, Gecko_IOThread] WARNING: pipe error: 109: file z:/task_1558035249/build/src/ipc/chromium/src/chrome/common/ipc_channel_win.cc, line 341
[Child 20380, Chrome_ChildThread] WARNING: pipe error: 109: file z:/task_1558035249/build/src/ipc/chromium/src/chrome/common/ipc_channel_win.cc, line 341
[Child 20604, Chrome_ChildThread] WARNING: pipe error: 109: file z:/task_1558035249/build/src/ipc/chromium/src/chrome/common/ipc_channel_win.cc, line 341
[Child 20604, Chrom[Parent 18304, Gecko_IOThread] WARNING: pipe error: 109: file z:/task_1558035249/build/src/ipc/chromium/src/chrome/common/ipc_channel_win.cc, line 341
[Child 20608, Chrome_ChildThread] WARNING: pipe error: 109: file z:/task_1558035249/build/src/ipc/chromium/src/chrome/common/ipc_channel_win.cc, line 341
[Child 20608, Chrome_ChildTh[GPU 20
###!!! [Child][RunMessage] Error: Channel closing: too late to send/recv, messages will be lost


###!!! [Child][MessageChannel::SendAndWait] Error: Channel error: cannot send/recv

1558686707335	mozrunner::runner	INFO	Running command: "C:\\Program Files\\Mozilla Firefox\\firefox.exe" "-marionette" "-foreground" "-no-remote" "-profile" "C:\\Users\\langzi\\AppData\\Local\\Temp\\rust_mozprofile.OtCiXqLE0ddw"
1558686707646	addons.webextension.screenshots@mozilla.org	WARN	Loading extension 'screenshots@mozilla.org': Reading manifest: Invalid extension permission: mozillaAddons
1558686707646	addons.webextension.screenshots@mozilla.org	WARN	Loading extension 'screenshots@mozilla.org': Reading manifest: Invalid extension permission: resource://pdf.js/
1558686707646	addons.webextension.screenshots@mozilla.org	WARN	Loading extension 'screenshots@mozilla.org': Reading manifest: Invalid extension permission: about:reader*
1558686708762	Marionette	INFO	Listening on port 20909
1558686708955	Marionette	WARN	TLS certificate errors will be ignored for this session
console.error: BroadcastService: 
  receivedBroadcastMessage: handler for
  remote-settings/monitor_changes
  threw error:
  Message: Error: Polling for changes failed: http://%(server)s/dummy/blocklist//buckets/monitor/collections/changes/records?_expected=%221558646720191%22 is not a valid URL..
  Stack:
    remoteSettingsFunction/remoteSettings.pollChanges@resource://services-settings/remote-settings.js:203:13

1558686729047	Marionette	INFO	Stopped listening on port 20909
[Parent 9304, Gecko_IOThread] WARNING: pipe error: 109: file z:/task_1558035249/build/src/ipc/chromium/src/chrome/common/ipc_channel_win.cc, line 341
[Parent 9304, Gecko_IOThread] WARNING: pipe error: 109: file z:/task_1558035249/build/src/ipc/chromium/src/chrome/common/ipc_channel_win.cc, line 341
[Child 2236, Chrome_ChildThread] WARNING: pipe error: 109: file z:/task_1558035249/build/src/ipc/chromium/src/chrome/common/ipc_channel_win.cc, line 341
[Child 21396, Chrome_ChildThread] WARNING: pipe error: 109: file z:/task_1558035249/build/src/ipc/chromium/src/chrome/common/ipc_channel_win.cc, line 341
[Child 21396[Parent 9304, Gecko_IOThread] WARNING: pipe error: 109: file z:/task_1558035249/build/src/ipc/chromium/src/chrome/common/ipc_channel_win.cc, line 341
[Child 18724, Chrome_ChildThread] WARNING: pipe error: 109: file z:/task_1558035249/build/src/ipc/chromium/src/chrome/common/ipc_channel_win.cc, line 341
[Child 18724,
###!!! [Child][RunMessage] Error: Channel closing: too late to send/recv, messages will be lost

[GPU 15748, Ch
###!!! [Child][MessageChannel::SendAndWait] Error: Channel error: cannot send/recv

1558686735596	mozrunner::runner	INFO	Running command: "C:\\Program Files\\Mozilla Firefox\\firefox.exe" "-marionette" "-foreground" "-no-remote" "-profile" "C:\\Users\\langzi\\AppData\\Local\\Temp\\rust_mozprofile.JgkrWbyjJS1P"
1558686735909	addons.webextension.screenshots@mozilla.org	WARN	Loading extension 'screenshots@mozilla.org': Reading manifest: Invalid extension permission: mozillaAddons
1558686735909	addons.webextension.screenshots@mozilla.org	WARN	Loading extension 'screenshots@mozilla.org': Reading manifest: Invalid extension permission: resource://pdf.js/
1558686735909	addons.webextension.screenshots@mozilla.org	WARN	Loading extension 'screenshots@mozilla.org': Reading manifest: Invalid extension permission: about:reader*
1558686737074	Marionette	INFO	Listening on port 24317
1558686737214	Marionette	WARN	TLS certificate errors will be ignored for this session
console.error: BroadcastService: 
  receivedBroadcastMessage: handler for
  remote-settings/monitor_changes
  threw error:
  Message: Error: Polling for changes failed: http://%(server)s/dummy/blocklist//buckets/monitor/collections/changes/records?_expected=%221558646720191%22 is not a valid URL..
  Stack:
    remoteSettingsFunction/remoteSettings.pollChanges@resource://services-settings/remote-settings.js:203:13

1558686757305	Marionette	INFO	Stopped listening on port 24317
[Parent 17784, Gecko_IOThread] WARNING: pipe error: 109: file z:/task_1558035249/build/src/ipc/chromium/src/chrome/common/ipc_channel_win.cc, line 341
[Parent 17784, Gecko_IOThread] WARNING: pipe error: 109: file z:/task_1558035249/build/src/ipc/chromium/src/chrome/common/ipc_channel_win.cc, line 341
[Child 3988, Chrome_ChildThread] WARNING: pipe error: 109: file z:/task_15580352[Child 18876, Chrome_ChildThread] WARNIN49/build/src/ipc/chromium/src/chrome/common/ipc_channel_win.cc, line 341
[Child 3988,G: pipe error: 109: file z:/task_1558035249/build/src/ipc/chromium/src/chrome/common/ipc_channel_win.cc, line 341
[Child 1887[Child 15492, Chrome_ChildThread] WARNING: pipe error: 109: file z:/task_1558035249/build/src/ipc/chromium/src/chrome/common/ipc_channel_win.cc, line 341
[Child 15492, Chro
###!!! [Child][RunMessage] Error: Channel closing: too late to send/recv, messages will be lost

[GPU 186
###!!! [Child][MessageChannel::SendAndWait] Error: Channel error: cannot send/recv

1558686766976	mozrunner::runner	INFO	Running command: "C:\\Program Files\\Mozilla Firefox\\firefox.exe" "-marionette" "-foreground" "-no-remote" "-profile" "C:\\Users\\langzi\\AppData\\Local\\Temp\\rust_mozprofile.yka0QAwciDk4"
1558686767280	addons.webextension.screenshots@mozilla.org	WARN	Loading extension 'screenshots@mozilla.org': Reading manifest: Invalid extension permission: mozillaAddons
1558686767280	addons.webextension.screenshots@mozilla.org	WARN	Loading extension 'screenshots@mozilla.org': Reading manifest: Invalid extension permission: resource://pdf.js/
1558686767280	addons.webextension.screenshots@mozilla.org	WARN	Loading extension 'screenshots@mozilla.org': Reading manifest: Invalid extension permission: about:reader*
1558686768444	Marionette	INFO	Listening on port 28145
1558686768606	Marionette	WARN	TLS certificate errors will be ignored for this session
1558686788690	Marionette	INFO	Stopped listening on port 28145
[Parent 19560, Gecko_IOThread] WARNING: pipe error: 109: file z:/task_1558035249/build/src/ipc/chromium/src/chrome/common/ipc_channel_win.cc, line 341
[Parent 19560, Gecko_IOThread] WARNING: pipe error: 109: file z:/task_1558035249/build/src/ipc/chromium/src/chrome/common/ipc_channel_win.cc, line 341
[Child 3212, Chrome_ChildThread] WARNING: pipe error: 109: file z:/task_1558035249/build/src/ipc/chromium/sr[Child 21352, Chrome_ChildThread] WARNING: pipe error: 109: file z:/task_1558035249/build/srcc/chrome/common/ipc_channel_win.cc, line 341/ipc/chromium/src/chrome/common/ipc_channel_win.cc
[Child 3212, Chrome_ChildTh, line 341
[Child 21352,[Parent 19560, Gecko_IOThread] WARNING: pipe error: 109: file z:/task_1558035249/build/src/ipc/chromium/src/chrome/common/ipc_channel_win.cc, line 341
[Child 18116, Chrome_ChildThread] WARNING: pipe error: 109: file z:/task_1558035249/build/src/ipc/chromium/src/chrome/common/ipc_channel_win.cc, line 341
[Child 18116, Ch[GPU
###!!! [Child][MessageChannel::SendAndWait] Error: Channel error: cannot send/recv

1558686800811	mozrunner::runner	INFO	Running command: "C:\\Program Files\\Mozilla Firefox\\firefox.exe" "-marionette" "-foreground" "-no-remote" "-profile" "C:\\Users\\langzi\\AppData\\Local\\Temp\\rust_mozprofile.IofSOY3DLa5J"
1558686801126	addons.webextension.screenshots@mozilla.org	WARN	Loading extension 'screenshots@mozilla.org': Reading manifest: Invalid extension permission: mozillaAddons
1558686801126	addons.webextension.screenshots@mozilla.org	WARN	Loading extension 'screenshots@mozilla.org': Reading manifest: Invalid extension permission: resource://pdf.js/
1558686801126	addons.webextension.screenshots@mozilla.org	WARN	Loading extension 'screenshots@mozilla.org': Reading manifest: Invalid extension permission: about:reader*
1558686802235	Marionette	INFO	Listening on port 32477
1558686802438	Marionette	WARN	TLS certificate errors will be ignored for this session
console.error: BroadcastService: 
  receivedBroadcastMessage: handler for
  remote-settings/monitor_changes
  threw error:
  Message: Error: Polling for changes failed: http://%(server)s/dummy/blocklist//buckets/monitor/collections/changes/records?_expected=%221558646720191%22 is not a valid URL..
  Stack:
    remoteSettingsFunction/remoteSettings.pollChanges@resource://services-settings/remote-settings.js:203:13

1558686822538	Marionette	INFO	Stopped listening on port 32477
[Parent 17532, Gecko_IOThread] WARNING: pipe error: 109: file z:/task_1558035249/build/src/ipc/chromium/src/chrome/common/ipc_channel_win.cc, line 341
[Child 16564, Chrome_ChildThread] WARNING: p[Parent 17532, Gecko_IOipe error: 109: file z:/task_1558035249/build/src/ipc/chromium/src/chrome/common/iThread] WARpc_chanNING: pipe error: 109: file z:/task_1558035249/build/src/ipc/chromium/src/chrome/common/ipc_channel_win.cc, line 341
nel_win.cc, line 341
[Child 16564, Chrome_Chi[Child 17948, Chrome_ChildThread] WARNING: pipe error: 109: file z:/task_1558035249/build/src/ipc/chromium/src/chrome/common/ipc_channel_win.cc, line 341
[Child 17948, Chrome_ChildThread] WARNING[Parent 17532, Gecko_IOThread] WARNING: pipe error: 109: file z:/task_1558035249/build/src/ipc/chromium/src/chrome/common/ipc_channel_win.cc, line 341

###!!! [Child][RunMessage] Error: Channel closing: too late to send/recv, messages will be lost

[GPU 15476, Chrome_Chi
###!!! [Child][MessageChannel::SendAndWait] Error: Channel error: cannot send/recv

1558686830955	mozrunner::runner	INFO	Running command: "C:\\Program Files\\Mozilla Firefox\\firefox.exe" "-marionette" "-foreground" "-no-remote" "-profile" "C:\\Users\\langzi\\AppData\\Local\\Temp\\rust_mozprofile.g95pff9OgMcN"
1558686831270	addons.webextension.screenshots@mozilla.org	WARN	Loading extension 'screenshots@mozilla.org': Reading manifest: Invalid extension permission: mozillaAddons
1558686831270	addons.webextension.screenshots@mozilla.org	WARN	Loading extension 'screenshots@mozilla.org': Reading manifest: Invalid extension permission: resource://pdf.js/
1558686831270	addons.webextension.screenshots@mozilla.org	WARN	Loading extension 'screenshots@mozilla.org': Reading manifest: Invalid extension permission: about:reader*
1558686832376	Marionette	INFO	Listening on port 36168
1558686832599	Marionette	WARN	TLS certificate errors will be ignored for this session
console.error: BroadcastService: 
  receivedBroadcastMessage: handler for
  remote-settings/monitor_changes
  threw error:
  Message: Error: Polling for changes failed: http://%(server)s/dummy/blocklist//buckets/monitor/collections/changes/records?_expected=%221558646720191%22 is not a valid URL..
  Stack:
    remoteSettingsFunction/remoteSettings.pollChanges@resource://services-settings/remote-settings.js:203:13

1558686852687	Marionette	INFO	Stopped listening on port 36168
[Parent 16020, Gecko_IOThread] WARNING: pipe error: 109: file z:/task_1558035249/build/src/ipc/chromium/src/chrome/common/ipc_channel_win.cc, line 341
[Child 2168, Chrome_ChildThread] WARNING: pipe error: 109: file z:/task_1558035249/build/src/ipc/chromium/src/chrome/common/ipc[Child 15884, Chrome_ChildThread] WARNING: pipe error: 109: file z:/task_1_channel_win.cc, line558035249/build/src/i 3pc/chromium/src/chrome41
/commo[Chnild /ipc_channel_win.cc, line 341
[Child 15884,[Parent 16020, Gecko_IOThread] WARNING: pipe error: 109: file z:/task_1558035249/build/src/ipc/chromium/src/chrome/common/ipc_channel_win.cc, line 341
[Child 16428, Chrome_ChildThread] WARNING: pipe error: 109: file z:/task_1558035249/build/src/ipc/chromium/src/chrome/common/ipc_channel_win.cc, line 341
[Child 16428, Chrome_ChildT[GPU 13900, Chrome_ChildThread] W
###!!! [Child][MessageChannel::SendAndWait] Error: Channel error: cannot send/recv

1558686859232	mozrunner::runner	INFO	Running command: "C:\\Program Files\\Mozilla Firefox\\firefox.exe" "-marionette" "-foreground" "-no-remote" "-profile" "C:\\Users\\langzi\\AppData\\Local\\Temp\\rust_mozprofile.3gMsHRqgRbXX"
1558686859551	addons.webextension.screenshots@mozilla.org	WARN	Loading extension 'screenshots@mozilla.org': Reading manifest: Invalid extension permission: mozillaAddons
1558686859552	addons.webextension.screenshots@mozilla.org	WARN	Loading extension 'screenshots@mozilla.org': Reading manifest: Invalid extension permission: resource://pdf.js/
1558686859552	addons.webextension.screenshots@mozilla.org	WARN	Loading extension 'screenshots@mozilla.org': Reading manifest: Invalid extension permission: about:reader*
1558686860754	Marionette	INFO	Listening on port 40018
1558686860868	Marionette	WARN	TLS certificate errors will be ignored for this session
console.error: BroadcastService: 
  receivedBroadcastMessage: handler for
  remote-settings/monitor_changes
  threw error:
  Message: Error: Polling for changes failed: http://%(server)s/dummy/blocklist//buckets/monitor/collections/changes/records?_expected=%221558646720191%22 is not a valid URL..
  Stack:
    remoteSettingsFunction/remoteSettings.pollChanges@resource://services-settings/remote-settings.js:203:13

1558686880951	Marionette	INFO	Stopped listening on port 40018
[Parent 20068, Gecko_IOThread] WARNING: pipe error: 109: file z:/task_1558035249/build/src/ipc/chromium/src/chrome/common/ipc_channel_win.cc, line 341
[Child 13300, Chrome_ChildThread] WARNING: pipe error: 109: file z:/task_1558035249/build/src/ipc/chromium/src/chrome/common/ipc_channel_win.cc, line 341
[Child 16556, Chrome_ChildThread] WARNING: pipe error: 109: file z:/task_1558035249/build/src/ipc/chromium/src/chrome/common/ipc_channel_win.cc, line 341
[Child 16556,[Parent 20068, Gecko_IOThread] WARNING: pipe error: 109: file z:/task_1558035249/build/src/ipc/chromium/src/chrome/common/ipc_channel_win.cc, line 341
[Child 21340, Chrome_ChildThread] WARNING: pipe error: 109: file z:/task_1558035249/build/src/ipc/chromium/src/chrome/common/ipc_channel_win.cc, line 341
[Child 21340, C
###!!! [Child][RunMessage] Error: Channel closing: too late to send/recv, messages will be lost

[GPU 15128,
###!!! [Child][MessageChannel::SendAndWait] Error: Channel error: cannot send/recv

1558686891409	mozrunner::runner	INFO	Running command: "C:\\Program Files\\Mozilla Firefox\\firefox.exe" "-marionette" "-foreground" "-no-remote" "-profile" "C:\\Users\\langzi\\AppData\\Local\\Temp\\rust_mozprofile.6nDD5wkpt5OA"
1558686891717	addons.webextension.screenshots@mozilla.org	WARN	Loading extension 'screenshots@mozilla.org': Reading manifest: Invalid extension permission: mozillaAddons
1558686891718	addons.webextension.screenshots@mozilla.org	WARN	Loading extension 'screenshots@mozilla.org': Reading manifest: Invalid extension permission: resource://pdf.js/
1558686891718	addons.webextension.screenshots@mozilla.org	WARN	Loading extension 'screenshots@mozilla.org': Reading manifest: Invalid extension permission: about:reader*
1558686892812	Marionette	INFO	Listening on port 44405
1558686893038	Marionette	WARN	TLS certificate errors will be ignored for this session
console.error: BroadcastService: 
  receivedBroadcastMessage: handler for
  remote-settings/monitor_changes
  threw error:
  Message: Error: Polling for changes failed: http://%(server)s/dummy/blocklist//buckets/monitor/collections/changes/records?_expected=%221558646720191%22 is not a valid URL..
  Stack:
    remoteSettingsFunction/remoteSettings.pollChanges@resource://services-settings/remote-settings.js:203:13

1558686913176	Marionette	INFO	Stopped listening on port 44405
[Child 6108, Chrome_ChildThread] WARNING: pipe error: 109: file z:/task_1558035249/build/src/ipc/chromium/src/chrome/common/ipc_channel_win.cc, line 341
[Child 19788, Chrome_ChildThread] WARNING: pipe error: 109: file z:/task_1558035249/build/src/ipc/chromium/src/chrome/common/ipc_channel_win.cc, line 341
[Child 19788, Chrome[Parent 9044, Gecko_IOThread] WARNING: pipe error: 109: file z:/task_1558035249/build/src/ipc/chromium/src/chrome/common/ipc_channel_win.cc, line 341
[Child 13852, Chrome_ChildThread] WARNING: pipe error: 109: file z:/task_1558035249/build/src/ipc/chromium/src/chrome/common/ipc_channel_win.cc, line 341
[Child 13852, C
###!!! [Child][RunMessage] Error: Channel closing: too late to send/recv, messages will be lost

[GPU 12348,
###!!! [Child][MessageChannel::SendAndWait] Error: Channel error: cannot send/recv

1558686921684	mozrunner::runner	INFO	Running command: "C:\\Program Files\\Mozilla Firefox\\firefox.exe" "-marionette" "-foreground" "-no-remote" "-profile" "C:\\Users\\langzi\\AppData\\Local\\Temp\\rust_mozprofile.zTFAOLRiBxBo"
1558686921988	addons.webextension.screenshots@mozilla.org	WARN	Loading extension 'screenshots@mozilla.org': Reading manifest: Invalid extension permission: mozillaAddons
1558686921988	addons.webextension.screenshots@mozilla.org	WARN	Loading extension 'screenshots@mozilla.org': Reading manifest: Invalid extension permission: resource://pdf.js/
1558686921988	addons.webextension.screenshots@mozilla.org	WARN	Loading extension 'screenshots@mozilla.org': Reading manifest: Invalid extension permission: about:reader*
1558686923110	Marionette	INFO	Listening on port 48557
1558686923313	Marionette	WARN	TLS certificate errors will be ignored for this session
console.error: BroadcastService: 
  receivedBroadcastMessage: handler for
  remote-settings/monitor_changes
  threw error:
  Message: Error: Polling for changes failed: http://%(server)s/dummy/blocklist//buckets/monitor/collections/changes/records?_expected=%221558646720191%22 is not a valid URL..
  Stack:
    remoteSettingsFunction/remoteSettings.pollChanges@resource://services-settings/remote-settings.js:203:13

1558686943400	Marionette	INFO	Stopped listening on port 48557
[Parent 20604, Gecko_IOThread] WARNING: pipe error: 109: file z:/task_1558035249/build/src/ipc/chromium/src/chrome/common/ipc_channel_win.cc, line 341
[Child 19452, Chrome_ChildThread] WARNING: pipe error: 109: file z:/task_1558035249/build/src/ipc/chromium/src/chr[Child 7860, Chrome_Chiome/common/ipc_chldThread] WARNING:annel_win.cc, line 341 pipe error: 109: file z:/
task_1558035249/build/src/ipc/chromium/src/chrome/common/ipc_channel_win.cc, line 341
[Child 7860, Chr[Parent 20604, Gecko_IOThread] WARNING: pipe error: 109: file z:/task_1558035249/build/src/ipc/chromium/src/chrome/common/ipc_channel_win.cc, line 341
[Child 16536, Chrome_ChildThread] WARNING: pipe error: 109: file z:/task_1558035249/build/src/ipc/chromium/src/chrome/common/ipc_channel_win.cc, line 341
[Child 16536, Chrome_ChildT
###!!! [Child][RunMessage] Error: Channel closing: too late to send/recv, messages will be lost

[
###!!! [Child][MessageChannel::SendAndWait] Error: Channel error: cannot send/recv

